Arguments: 
  /usr/bin/node /usr/share/yarn/bin/yarn.js add jest-image-screenshot --dev

PATH: 
  /usr/local/sbin:/usr/local/bin:/usr/sbin:/usr/bin:/sbin:/bin:/usr/games:/usr/local/games:/snap/bin

Yarn version: 
  1.22.5

Node version: 
  14.15.1

Platform: 
  linux x64

Trace: 
  Error: https://registry.yarnpkg.com/jest-image-screenshot: Not found
      at Request.params.callback [as _callback] (/usr/share/yarn/lib/cli.js:66988:18)
      at Request.self.callback (/usr/share/yarn/lib/cli.js:140749:22)
      at Request.emit (events.js:315:20)
      at Request.<anonymous> (/usr/share/yarn/lib/cli.js:141721:10)
      at Request.emit (events.js:315:20)
      at IncomingMessage.<anonymous> (/usr/share/yarn/lib/cli.js:141643:12)
      at Object.onceWrapper (events.js:421:28)
      at IncomingMessage.emit (events.js:327:22)
      at endReadableNT (_stream_readable.js:1327:12)
      at processTicksAndRejections (internal/process/task_queues.js:80:21)

npm manifest: 
  {
    "name": "photopea-test",
    "version": "0.0.1",
    "description": "QA case study for Photopea",
    "main": "index.js",
    "dependencies": {
      "jest": "^26.6.3",
      "jest-puppeteer": "^4.4.0",
      "puppeteer": "^5.5.0"
    },
    "devDependencies": {},
    "scripts": {
      "test": "jest || exit 0"
    },
    "author": "",
    "license": "ISC"
  }

yarn manifest: 
  No manifest

Lockfile: 
  No lockfile
